<?xml version='1.0'?>
<ns2:test-suite xmlns:ns2='urn:model.allure.qatools.yandex.ru' start='1583839517192' stop='1583839597938'>
    <name>google maps navigation</name>
    <title>google maps navigation</title>
    <test-cases>
        <test-case start='1583839517202' status='passed' stop='1583839529217'>
            <name>search returns results</name>
            <title>search returns results</title>
            <labels>
                <label name='language' value='javascript'/>
                <label name='framework' value='wdio'/>
                <label name='thread' value='0-0'/>
            </labels>
            <parameters>
                <parameter kind='argument' name='browser' value='chrome'/>
                <parameter kind='argument' name='browserVersion' value='80.0.3987.122'/>
            </parameters>
            <steps/>
            <attachments/>
        </test-case>
        <test-case start='1583839529221' status='passed' stop='1583839543660'>
            <name>maps navigates to searched place</name>
            <title>maps navigates to searched place</title>
            <labels>
                <label name='language' value='javascript'/>
                <label name='framework' value='wdio'/>
                <label name='thread' value='0-0'/>
            </labels>
            <parameters>
                <parameter kind='argument' name='browser' value='chrome'/>
                <parameter kind='argument' name='browserVersion' value='80.0.3987.122'/>
            </parameters>
            <steps/>
            <attachments/>
        </test-case>
        <test-case start='1583839543662' status='passed' stop='1583839565326'>
            <name>search returns directions and details</name>
            <title>search returns directions and details</title>
            <labels>
                <label name='language' value='javascript'/>
                <label name='framework' value='wdio'/>
                <label name='thread' value='0-0'/>
            </labels>
            <parameters>
                <parameter kind='argument' name='browser' value='chrome'/>
                <parameter kind='argument' name='browserVersion' value='80.0.3987.122'/>
            </parameters>
            <steps/>
            <attachments/>
        </test-case>
        <test-case start='1583839565329' status='failed' stop='1583839577058'>
            <name>reverse the origin and destination</name>
            <title>reverse the origin and destination</title>
            <labels>
                <label name='language' value='javascript'/>
                <label name='framework' value='wdio'/>
                <label name='thread' value='0-0'/>
            </labels>
            <parameters>
                <parameter kind='argument' name='browser' value='chrome'/>
                <parameter kind='argument' name='browserVersion' value='80.0.3987.122'/>
            </parameters>
            <steps/>
            <attachments>
                <attachment title='Execution video' source='3ca0b8a2-1d9a-4ee1-869e-21bbf5cff9f5-attachment.mp4' type='video/mp4' size='130'/>
            </attachments>
            <failure>
                <message>expected 'Explore Philadelphia' to include 'Explore San Francisco'</message>
                <stack-trace>AssertionError: expected 'Explore Philadelphia' to include 'Explore San Francisco'
                    at Context.&lt;anonymous> (C:\Users\box\Documents\Wambi\test\maps.test.js:37:16)
                    at Context.executeSync (C:\Users\box\Documents\Wambi\node_modules\@wdio\sync\build\index.js:56:18)
                    at C:\Users\box\Documents\Wambi\node_modules\@wdio\sync\build\index.js:82:70</stack-trace>
            </failure>
        </test-case>
        <test-case start='1583839577184' status='broken' stop='1583839583757'>
            <name>closes directions</name>
            <title>closes directions</title>
            <labels>
                <label name='language' value='javascript'/>
                <label name='framework' value='wdio'/>
                <label name='thread' value='0-0'/>
            </labels>
            <parameters>
                <parameter kind='argument' name='browser' value='chrome'/>
                <parameter kind='argument' name='browserVersion' value='80.0.3987.122'/>
            </parameters>
            <steps/>
            <attachments>
                <attachment title='Execution video' source='842432b4-4a74-4566-8a09-700c74fbaacf-attachment.mp4' type='video/mp4' size='113'/>
            </attachments>
            <failure>
                <message>element not interactable
                  (Session info: chrome=80.0.3987.122)</message>
                <stack-trace>element not interactable
                  (Session info: chrome=80.0.3987.122)
                    at getErrorFromResponseBody (C:\Users\box\Documents\Wambi\node_modules\webdriver\build\utils.js:124:10)
                    at Request._callback (C:\Users\box\Documents\Wambi\node_modules\webdriver\build\request.js:111:64)
                    at Request.self.callback (C:\Users\box\Documents\Wambi\node_modules\request\request.js:185:22)
                    at Request.&lt;anonymous> (C:\Users\box\Documents\Wambi\node_modules\request\request.js:1154:10)
                    at IncomingMessage.&lt;anonymous> (C:\Users\box\Documents\Wambi\node_modules\request\request.js:1076:12)
                    at Element.runCommandWithHooks (C:\Users\box\Documents\Wambi\node_modules\@wdio\sync\build\wrapCommand.js:82:22)
                    at Element.wrapCommandFn (C:\Users\box\Documents\Wambi\node_modules\@wdio\sync\build\wrapCommand.js:59:40)
                    at Element.elementErrorHandlerCallback (C:\Users\box\Documents\Wambi\node_modules\webdriverio\build\middlewares.js:40:8)
                    at Maps.setOriginText (C:\Users\box\Documents\Wambi\pages\maps.page.js:139:44)
                    at DirectionsUtil.getDirections (C:\Users\box\Documents\Wambi\utils\directions.util.js:7:18)
                    at Context.&lt;anonymous> (C:\Users\box\Documents\Wambi\test\maps.test.js:46:18)
                    at Context.executeSync (C:\Users\box\Documents\Wambi\node_modules\@wdio\sync\build\index.js:56:18)
                    at C:\Users\box\Documents\Wambi\node_modules\@wdio\sync\build\index.js:82:70</stack-trace>
            </failure>
        </test-case>
        <test-case start='1583839583769' status='passed' stop='1583839597937'>
            <name>asserts distance units change with selection under Options </name>
            <title>asserts distance units change with selection under Options </title>
            <labels>
                <label name='language' value='javascript'/>
                <label name='framework' value='wdio'/>
                <label name='thread' value='0-0'/>
            </labels>
            <parameters>
                <parameter kind='argument' name='browser' value='chrome'/>
                <parameter kind='argument' name='browserVersion' value='80.0.3987.122'/>
            </parameters>
            <steps/>
            <attachments/>
        </test-case>
    </test-cases>
</ns2:test-suite>